<?xml version="1.0" encoding="UTF-8"?>
<!-- Generated by org.testng.reporters.JUnitXMLReporter -->
<testsuite hostname="NDI-LAP-369" ignored="0" name="A" tests="4" failures="0" timestamp="21 Mar 2017 17:55:40 GMT" time="21.848" errors="0">
  <testcase name="Driversetup" time="13.041" classname="questio1.loginbuttonAbsolutepath"/>
  <testcase name="sendUserName" time="0.241" classname="questio1.loginbuttonAbsolutepath"/>
  <testcase name="sendPassword" time="5.099" classname="questio1.loginbuttonAbsolutepath"/>
  <testcase name="signUpbutton" time="3.435" classname="questio1.loginbuttonAbsolutepath"/>
</testsuite> <!-- A -->
