<?xml version="1.0" encoding="UTF-8"?>
<!-- Generated by org.testng.reporters.JUnitXMLReporter -->
<testsuite hostname="NDI-LAP-369" ignored="0" name="D" tests="6" failures="0" timestamp="21 Mar 2017 17:56:56 GMT" time="40.793" errors="0">
  <testcase name="Driversetup" time="9.362" classname="q3.driverClose"/>
  <testcase name="sendUserName" time="0.193" classname="q3.driverClose"/>
  <testcase name="sendPassword" time="5.085" classname="q3.driverClose"/>
  <testcase name="signUpbutton" time="0.7" classname="q3.driverClose"/>
  <testcase name="newWindow" time="10.277" classname="q3.driverClose"/>
  <testcase name="closeApp" time="15.165" classname="q3.driverClose"/>
</testsuite> <!-- D -->
