<?xml version="1.0" encoding="UTF-8"?>
<!-- Generated by org.testng.reporters.JUnitXMLReporter -->
<testsuite hostname="NDI-LAP-369" ignored="0" name="Default test" tests="4" failures="0" timestamp="21 Mar 2017 17:45:52 GMT" time="19.101" errors="0">
  <testcase name="Driversetup" time="10.888" classname="questio1.loginbuttonRelativepath"/>
  <testcase name="sendUserName" time="0.222" classname="questio1.loginbuttonRelativepath"/>
  <testcase name="sendPassword" time="5.125" classname="questio1.loginbuttonRelativepath"/>
  <testcase name="signUpbutton" time="2.834" classname="questio1.loginbuttonRelativepath"/>
</testsuite> <!-- Default test -->
