<?xml version="1.0" encoding="UTF-8"?>
<!-- Generated by org.testng.reporters.JUnitXMLReporter -->
<testsuite hostname="NDI-LAP-369" ignored="0" name="Test" tests="25" failures="16" timestamp="21 Mar 2017 16:07:30 GMT" time="183.866" errors="0">
  <testcase name="explicitMethod" time="25.596" classname="q5.ExplicitWait"/>
  <testcase name="fluentMethod" time="20.44" classname="q5.FluentWaitClass"/>
  <testcase name="implicitMethod" time="11.447" classname="q5.ImplictWait"/>
  <testcase name="googleScreenshot" time="0.003" classname="q2.screenshot">
    <failure type="java.lang.NullPointerException">
      <![CDATA[java.lang.NullPointerException
	at q2.screenshot.googleScreenshot(screenshot.java:31)
... Removed 25 stack frames]]>
    </failure>
  </testcase> <!-- googleScreenshot -->
  <testcase name="Driversetup" time="9.459" classname="questio1.loginbuttonAbsolutepath"/>
  <testcase name="Driversetup" time="9.743" classname="q3.driverClose"/>
  <testcase name="Driversetup" time="11.133" classname="questio1.loginbuttonRelativepath"/>
  <testcase name="Driversetup" time="12.419" classname="q3.driverQuit"/>
  <testcase name="Driversetup" time="12.777" classname="q4.gmailTitle"/>
  <testcase name="sendUserName" time="0.001" classname="questio1.loginbuttonAbsolutepath">
    <failure type="java.lang.NullPointerException">
      <![CDATA[java.lang.NullPointerException
	at questio1.loginbuttonAbsolutepath.sendUserName(loginbuttonAbsolutepath.java:36)
... Removed 25 stack frames]]>
    </failure>
  </testcase> <!-- sendUserName -->
  <testcase name="sendUserName" time="0.001" classname="q3.driverClose">
    <failure type="java.lang.NullPointerException">
      <![CDATA[java.lang.NullPointerException
	at q3.driverClose.sendUserName(driverClose.java:36)
... Removed 25 stack frames]]>
    </failure>
  </testcase> <!-- sendUserName -->
  <testcase name="sendUserName" time="0.001" classname="questio1.loginbuttonRelativepath">
    <failure type="java.lang.NullPointerException">
      <![CDATA[java.lang.NullPointerException
	at questio1.loginbuttonRelativepath.sendUserName(loginbuttonRelativepath.java:35)
... Removed 25 stack frames]]>
    </failure>
  </testcase> <!-- sendUserName -->
  <testcase name="sendUserName" time="0.002" classname="q3.driverQuit">
    <failure type="java.lang.NullPointerException">
      <![CDATA[java.lang.NullPointerException
	at q3.driverQuit.sendUserName(driverQuit.java:32)
... Removed 25 stack frames]]>
    </failure>
  </testcase> <!-- sendUserName -->
  <testcase name="sendPassword" time="5.003" classname="questio1.loginbuttonAbsolutepath">
    <failure type="java.lang.NullPointerException">
      <![CDATA[java.lang.NullPointerException
	at questio1.loginbuttonAbsolutepath.sendPassword(loginbuttonAbsolutepath.java:50)
... Removed 25 stack frames]]>
    </failure>
  </testcase> <!-- sendPassword -->
  <testcase name="sendPassword" time="5.023" classname="q3.driverClose">
    <failure type="java.lang.NullPointerException">
      <![CDATA[java.lang.NullPointerException
	at q3.driverClose.sendPassword(driverClose.java:50)
... Removed 25 stack frames]]>
    </failure>
  </testcase> <!-- sendPassword -->
  <testcase name="sendPassword" time="5.001" classname="questio1.loginbuttonRelativepath">
    <failure type="java.lang.NullPointerException">
      <![CDATA[java.lang.NullPointerException
	at questio1.loginbuttonRelativepath.sendPassword(loginbuttonRelativepath.java:49)
... Removed 25 stack frames]]>
    </failure>
  </testcase> <!-- sendPassword -->
  <testcase name="sendPassword" time="5.002" classname="q3.driverQuit">
    <failure type="java.lang.NullPointerException">
      <![CDATA[java.lang.NullPointerException
	at q3.driverQuit.sendPassword(driverQuit.java:46)
... Removed 25 stack frames]]>
    </failure>
  </testcase> <!-- sendPassword -->
  <testcase name="signUpbutton" time="0.005" classname="questio1.loginbuttonAbsolutepath">
    <failure type="java.lang.NullPointerException">
      <![CDATA[java.lang.NullPointerException
	at questio1.loginbuttonAbsolutepath.signUpbutton(loginbuttonAbsolutepath.java:59)
... Removed 25 stack frames]]>
    </failure>
  </testcase> <!-- signUpbutton -->
  <testcase name="signUpbutton" time="0.007" classname="q3.driverClose">
    <failure type="java.lang.NullPointerException">
      <![CDATA[java.lang.NullPointerException
	at q3.driverClose.signUpbutton(driverClose.java:59)
... Removed 25 stack frames]]>
    </failure>
  </testcase> <!-- signUpbutton -->
  <testcase name="signUpbutton" time="0.01" classname="questio1.loginbuttonRelativepath">
    <failure type="java.lang.NullPointerException">
      <![CDATA[java.lang.NullPointerException
	at questio1.loginbuttonRelativepath.signUpbutton(loginbuttonRelativepath.java:58)
... Removed 25 stack frames]]>
    </failure>
  </testcase> <!-- signUpbutton -->
  <testcase name="signUpbutton" time="0.005" classname="q3.driverQuit">
    <failure type="java.lang.NullPointerException">
      <![CDATA[java.lang.NullPointerException
	at q3.driverQuit.signUpbutton(driverQuit.java:55)
... Removed 25 stack frames]]>
    </failure>
  </testcase> <!-- signUpbutton -->
  <testcase name="newWindow" time="10.226" classname="q3.driverClose"/>
  <testcase name="composeEmail" time="0.001" classname="q3.driverQuit">
    <failure type="java.lang.NullPointerException">
      <![CDATA[java.lang.NullPointerException
	at q3.driverQuit.composeEmail(driverQuit.java:64)
... Removed 25 stack frames]]>
    </failure>
  </testcase> <!-- composeEmail -->
  <testcase name="closeApp" time="15.001" classname="q3.driverClose">
    <failure type="java.lang.NullPointerException">
      <![CDATA[java.lang.NullPointerException
	at q3.driverClose.closeApp(driverClose.java:79)
... Removed 25 stack frames]]>
    </failure>
  </testcase> <!-- closeApp -->
  <testcase name="closeApp" time="15.002" classname="q3.driverQuit">
    <failure type="java.lang.NullPointerException">
      <![CDATA[java.lang.NullPointerException
	at q3.driverQuit.closeApp(driverQuit.java:72)
... Removed 25 stack frames]]>
    </failure>
  </testcase> <!-- closeApp -->
</testsuite> <!-- Test -->
